<?xml version="1.0" encoding="UTF-8"?>
<!-- Generated by org.testng.reporters.JUnitReportReporter -->
<testsuite hostname="Rajeev" name="com.GuruBanking.TestCase.M_NC_004" tests="5" failures="0" timestamp="18 Apr 2021 14:28:06 GMT" time="78.084" errors="0">
  <testcase name="EnterEmptyAddress" time="14.997" classname="com.GuruBanking.TestCase.M_NC_004"/>
  <testcase name="EnterChar" time="15.625" classname="com.GuruBanking.TestCase.M_NC_004"/>
  <testcase name="EnterFirstSpaceChar" time="17.433" classname="com.GuruBanking.TestCase.M_NC_004"/>
  <testcase name="EnterInteger" time="14.704" classname="com.GuruBanking.TestCase.M_NC_004"/>
  <testcase name="EnterSpecialChar" time="15.325" classname="com.GuruBanking.TestCase.M_NC_004"/>
</testsuite> <!-- com.GuruBanking.TestCase.M_NC_004 -->
