<?xml version="1.0" encoding="UTF-8"?>
<!-- Generated by org.testng.reporters.JUnitReportReporter -->
<testsuite hostname="Rajeev" name="com.GuruBanking.TestCase.EC_TC_001" tests="2" failures="0" timestamp="19 Apr 2021 19:56:45 GMT" time="29.315" errors="0">
  <testcase name="CheckCustomerNameDisable" time="11.344" classname="com.GuruBanking.TestCase.EC_TC_001"/>
  <testcase name="EditCustomerAdressWithChar" time="17.971" classname="com.GuruBanking.TestCase.EC_TC_001"/>
</testsuite> <!-- com.GuruBanking.TestCase.EC_TC_001 -->
